<?xml version="1.0" encoding="UTF-8"?>
<testsuite name="bj1.GameTest" tests="1" skipped="0" failures="0" errors="0" timestamp="2018-03-21T10:40:35" hostname="df2" time="0.001">
  <properties/>
  <testcase name="t1" classname="bj1.GameTest" time="0.001"/>
  <system-out><![CDATA[Dave - common
]]></system-out>
  <system-err><![CDATA[]]></system-err>
</testsuite>
