<?xml version="1.0" encoding="UTF-8"?>
<testsuite name="bj1.CardTest" tests="2" skipped="0" failures="0" errors="0" timestamp="2018-03-21T10:40:35" hostname="df2" time="0.013">
  <properties/>
  <testcase name="t1" classname="bj1.CardTest" time="0.012"/>
  <testcase name="t2" classname="bj1.CardTest" time="0.0"/>
  <system-out><![CDATA[]]></system-out>
  <system-err><![CDATA[]]></system-err>
</testsuite>
